<?xml version="1.0" encoding="UTF-8"?>
<!-- Generated by org.testng.reporters.JUnitXMLReporter -->
<testsuite ignored="0" hostname="win7-PC" failures="0" tests="7" name="Default test" time="111.01" errors="0" timestamp="2023-04-15T21:32:19 IST">
  <testcase classname="org.tes.TestNGPart4Challenge" name="tc3" time="3.284"/>
  <testcase classname="org.tes.TestNGPart4Challenge" name="tc1" time="8.819"/>
  <testcase classname="org.tes.TestNGPart4Challenge" name="tc2" time="11.908"/>
  <testcase classname="org.tes.TestNGPart4Challenge" name="tc56" time="12.534"/>
  <testcase classname="org.tes.TestNGPart4Challenge" name="tc69" time="36.175"/>
  <testcase classname="org.tes.TestNGPart4Challenge" name="tc43" time="3.99"/>
  <testcase classname="org.tes.TestNGPart4Challenge" name="tc31" time="11.414"/>
</testsuite> <!-- Default test -->
