<?xml version="1.0" encoding="UTF-8"?>
<!-- Generated by org.testng.reporters.JUnitXMLReporter -->
<testsuite ignored="0" hostname="win7-PC" failures="0" tests="13" name="Test" time="52.625" errors="0" timestamp="2023-06-26T11:59:38 IST">
  <testcase classname="org.tes.TestNGPart4Challenge" name="tc3" time="4.121"/>
  <testcase classname="org.tes.TestNGPart4Challenge" name="tc1" time="3.716"/>
  <testcase classname="org.tes.TestNGPart4Challenge" name="tc2" time="4.677"/>
  <testcase classname="org.tes.TestNGPart4Challenge" name="tc56" time="3.023"/>
  <testcase classname="org.tes.TestNGPart4Challenge" name="tc69" time="4.602"/>
  <testcase classname="org.tes.TestNGPart4Challenge" name="tc43" time="1.71"/>
  <testcase classname="org.tes.TestNGPart4Challenge" name="tc31" time="5.616"/>
  <testcase classname="org.tes.TestNGPart3Challenge" name="tc1" time="4.47"/>
  <testcase classname="org.tes.TestNGPart3Challenge" name="tc2" time="10.757"/>
  <testcase classname="org.tes.TestNGPart3Challenge" name="tc3" time="2.837"/>
  <testcase classname="org.tes.A" name="tc32" time="0.004"/>
  <testcase classname="org.tes.A" name="tc46" time="0.01"/>
  <testcase classname="org.tes.A" name="tc97" time="0.001"/>
</testsuite> <!-- Test -->
