<?xml version="1.0" encoding="UTF-8"?>
<testng-results ignored="0" total="13" passed="13" failed="0" skipped="0">
  <reporter-output>
  </reporter-output>
  <suite started-at="2023-06-26T11:58:45 IST" name="Suite" finished-at="2023-06-26T11:59:38 IST" duration-ms="52625">
    <groups>
    </groups>
    <test started-at="2023-06-26T11:58:45 IST" name="Test" finished-at="2023-06-26T11:59:38 IST" duration-ms="52625">
      <class name="org.tes.TestNGPart4Challenge">
        <test-method is-config="true" signature="lb()[pri:0, instance:org.tes.TestNGPart4Challenge@7e7be63f]" started-at="2023-06-26T11:58:45 IST" name="lb" finished-at="2023-06-26T11:58:48 IST" duration-ms="3181" status="PASS">
          <reporter-output>
          </reporter-output>
        </test-method> <!-- lb -->
        <test-method is-config="true" signature="startDate()[pri:0, instance:org.tes.TestNGPart4Challenge@7e7be63f]" started-at="2023-06-26T11:58:48 IST" name="startDate" finished-at="2023-06-26T11:58:48 IST" duration-ms="1" status="PASS">
          <reporter-output>
          </reporter-output>
        </test-method> <!-- startDate -->
        <test-method signature="tc3()[pri:-25, instance:org.tes.TestNGPart4Challenge@7e7be63f]" started-at="2023-06-26T11:58:48 IST" name="tc3" finished-at="2023-06-26T11:58:52 IST" duration-ms="4121" status="PASS">
          <reporter-output>
          </reporter-output>
        </test-method> <!-- tc3 -->
        <test-method is-config="true" signature="endDate()[pri:0, instance:org.tes.TestNGPart4Challenge@7e7be63f]" started-at="2023-06-26T11:58:52 IST" name="endDate" finished-at="2023-06-26T11:58:53 IST" duration-ms="6" status="PASS">
          <reporter-output>
          </reporter-output>
        </test-method> <!-- endDate -->
        <test-method is-config="true" signature="startDate()[pri:0, instance:org.tes.TestNGPart4Challenge@7e7be63f]" started-at="2023-06-26T11:58:53 IST" name="startDate" finished-at="2023-06-26T11:58:53 IST" duration-ms="0" status="PASS">
          <reporter-output>
          </reporter-output>
        </test-method> <!-- startDate -->
        <test-method signature="tc1()[pri:-13, instance:org.tes.TestNGPart4Challenge@7e7be63f]" started-at="2023-06-26T11:58:53 IST" name="tc1" finished-at="2023-06-26T11:58:56 IST" duration-ms="3716" status="PASS">
          <reporter-output>
          </reporter-output>
        </test-method> <!-- tc1 -->
        <test-method is-config="true" signature="endDate()[pri:0, instance:org.tes.TestNGPart4Challenge@7e7be63f]" started-at="2023-06-26T11:58:56 IST" name="endDate" finished-at="2023-06-26T11:58:56 IST" duration-ms="1" status="PASS">
          <reporter-output>
          </reporter-output>
        </test-method> <!-- endDate -->
        <test-method signature="tc2()[pri:-8, instance:org.tes.TestNGPart4Challenge@7e7be63f]" started-at="2023-06-26T11:58:56 IST" name="tc2" finished-at="2023-06-26T11:59:01 IST" duration-ms="4677" status="PASS">
          <reporter-output>
          </reporter-output>
        </test-method> <!-- tc2 -->
        <test-method is-config="true" signature="startDate()[pri:0, instance:org.tes.TestNGPart4Challenge@7e7be63f]" started-at="2023-06-26T11:58:56 IST" name="startDate" finished-at="2023-06-26T11:58:56 IST" duration-ms="0" status="PASS">
          <reporter-output>
          </reporter-output>
        </test-method> <!-- startDate -->
        <test-method is-config="true" signature="endDate()[pri:0, instance:org.tes.TestNGPart4Challenge@7e7be63f]" started-at="2023-06-26T11:59:01 IST" name="endDate" finished-at="2023-06-26T11:59:01 IST" duration-ms="0" status="PASS">
          <reporter-output>
          </reporter-output>
        </test-method> <!-- endDate -->
        <test-method is-config="true" signature="startDate()[pri:0, instance:org.tes.TestNGPart4Challenge@7e7be63f]" started-at="2023-06-26T11:59:01 IST" name="startDate" finished-at="2023-06-26T11:59:01 IST" duration-ms="0" status="PASS">
          <reporter-output>
          </reporter-output>
        </test-method> <!-- startDate -->
        <test-method signature="tc56()[pri:0, instance:org.tes.TestNGPart4Challenge@7e7be63f]" started-at="2023-06-26T11:59:01 IST" name="tc56" finished-at="2023-06-26T11:59:04 IST" duration-ms="3023" status="PASS">
          <reporter-output>
          </reporter-output>
        </test-method> <!-- tc56 -->
        <test-method is-config="true" signature="endDate()[pri:0, instance:org.tes.TestNGPart4Challenge@7e7be63f]" started-at="2023-06-26T11:59:04 IST" name="endDate" finished-at="2023-06-26T11:59:04 IST" duration-ms="0" status="PASS">
          <reporter-output>
          </reporter-output>
        </test-method> <!-- endDate -->
        <test-method is-config="true" signature="startDate()[pri:0, instance:org.tes.TestNGPart4Challenge@7e7be63f]" started-at="2023-06-26T11:59:04 IST" name="startDate" finished-at="2023-06-26T11:59:04 IST" duration-ms="1" status="PASS">
          <reporter-output>
          </reporter-output>
        </test-method> <!-- startDate -->
        <test-method signature="tc69()[pri:5, instance:org.tes.TestNGPart4Challenge@7e7be63f]" started-at="2023-06-26T11:59:04 IST" name="tc69" finished-at="2023-06-26T11:59:09 IST" duration-ms="4602" status="PASS">
          <reporter-output>
          </reporter-output>
        </test-method> <!-- tc69 -->
        <test-method is-config="true" signature="endDate()[pri:0, instance:org.tes.TestNGPart4Challenge@7e7be63f]" started-at="2023-06-26T11:59:09 IST" name="endDate" finished-at="2023-06-26T11:59:09 IST" duration-ms="4" status="PASS">
          <reporter-output>
          </reporter-output>
        </test-method> <!-- endDate -->
        <test-method is-config="true" signature="startDate()[pri:0, instance:org.tes.TestNGPart4Challenge@7e7be63f]" started-at="2023-06-26T11:59:09 IST" name="startDate" finished-at="2023-06-26T11:59:09 IST" duration-ms="1" status="PASS">
          <reporter-output>
          </reporter-output>
        </test-method> <!-- startDate -->
        <test-method signature="tc43()[pri:38, instance:org.tes.TestNGPart4Challenge@7e7be63f]" started-at="2023-06-26T11:59:09 IST" name="tc43" finished-at="2023-06-26T11:59:10 IST" duration-ms="1710" status="PASS">
          <reporter-output>
          </reporter-output>
        </test-method> <!-- tc43 -->
        <test-method is-config="true" signature="startDate()[pri:0, instance:org.tes.TestNGPart4Challenge@7e7be63f]" started-at="2023-06-26T11:59:10 IST" name="startDate" finished-at="2023-06-26T11:59:10 IST" duration-ms="1" status="PASS">
          <reporter-output>
          </reporter-output>
        </test-method> <!-- startDate -->
        <test-method is-config="true" signature="endDate()[pri:0, instance:org.tes.TestNGPart4Challenge@7e7be63f]" started-at="2023-06-26T11:59:10 IST" name="endDate" finished-at="2023-06-26T11:59:10 IST" duration-ms="0" status="PASS">
          <reporter-output>
          </reporter-output>
        </test-method> <!-- endDate -->
        <test-method signature="tc31()[pri:58, instance:org.tes.TestNGPart4Challenge@7e7be63f]" started-at="2023-06-26T11:59:10 IST" name="tc31" finished-at="2023-06-26T11:59:16 IST" duration-ms="5616" status="PASS">
          <reporter-output>
          </reporter-output>
        </test-method> <!-- tc31 -->
        <test-method is-config="true" signature="endDate()[pri:0, instance:org.tes.TestNGPart4Challenge@7e7be63f]" started-at="2023-06-26T11:59:16 IST" name="endDate" finished-at="2023-06-26T11:59:16 IST" duration-ms="0" status="PASS">
          <reporter-output>
          </reporter-output>
        </test-method> <!-- endDate -->
        <test-method is-config="true" signature="cb()[pri:0, instance:org.tes.TestNGPart4Challenge@7e7be63f]" started-at="2023-06-26T11:59:16 IST" name="cb" finished-at="2023-06-26T11:59:17 IST" duration-ms="846" status="PASS">
          <reporter-output>
          </reporter-output>
        </test-method> <!-- cb -->
      </class> <!-- org.tes.TestNGPart4Challenge -->
      <class name="org.tes.TestNGPart3Challenge">
        <test-method is-config="true" signature="lb()[pri:0, instance:org.tes.TestNGPart3Challenge@f5acb9d]" started-at="2023-06-26T11:59:17 IST" name="lb" finished-at="2023-06-26T11:59:19 IST" duration-ms="2143" status="PASS">
          <reporter-output>
          </reporter-output>
        </test-method> <!-- lb -->
        <test-method is-config="true" signature="startDate()[pri:0, instance:org.tes.TestNGPart3Challenge@f5acb9d]" started-at="2023-06-26T11:59:19 IST" name="startDate" finished-at="2023-06-26T11:59:19 IST" duration-ms="1" status="PASS">
          <reporter-output>
          </reporter-output>
        </test-method> <!-- startDate -->
        <test-method signature="tc1()[pri:0, instance:org.tes.TestNGPart3Challenge@f5acb9d]" started-at="2023-06-26T11:59:19 IST" name="tc1" finished-at="2023-06-26T11:59:23 IST" duration-ms="4470" status="PASS">
          <reporter-output>
          </reporter-output>
        </test-method> <!-- tc1 -->
        <test-method is-config="true" signature="endDate()[pri:0, instance:org.tes.TestNGPart3Challenge@f5acb9d]" started-at="2023-06-26T11:59:23 IST" name="endDate" finished-at="2023-06-26T11:59:23 IST" duration-ms="0" status="PASS">
          <reporter-output>
          </reporter-output>
        </test-method> <!-- endDate -->
        <test-method signature="tc2()[pri:0, instance:org.tes.TestNGPart3Challenge@f5acb9d]" started-at="2023-06-26T11:59:23 IST" name="tc2" finished-at="2023-06-26T11:59:34 IST" duration-ms="10757" status="PASS">
          <reporter-output>
          </reporter-output>
        </test-method> <!-- tc2 -->
        <test-method is-config="true" signature="startDate()[pri:0, instance:org.tes.TestNGPart3Challenge@f5acb9d]" started-at="2023-06-26T11:59:23 IST" name="startDate" finished-at="2023-06-26T11:59:23 IST" duration-ms="0" status="PASS">
          <reporter-output>
          </reporter-output>
        </test-method> <!-- startDate -->
        <test-method is-config="true" signature="endDate()[pri:0, instance:org.tes.TestNGPart3Challenge@f5acb9d]" started-at="2023-06-26T11:59:34 IST" name="endDate" finished-at="2023-06-26T11:59:34 IST" duration-ms="0" status="PASS">
          <reporter-output>
          </reporter-output>
        </test-method> <!-- endDate -->
        <test-method signature="tc3()[pri:0, instance:org.tes.TestNGPart3Challenge@f5acb9d]" started-at="2023-06-26T11:59:34 IST" name="tc3" finished-at="2023-06-26T11:59:37 IST" duration-ms="2837" status="PASS">
          <reporter-output>
          </reporter-output>
        </test-method> <!-- tc3 -->
        <test-method is-config="true" signature="startDate()[pri:0, instance:org.tes.TestNGPart3Challenge@f5acb9d]" started-at="2023-06-26T11:59:34 IST" name="startDate" finished-at="2023-06-26T11:59:34 IST" duration-ms="0" status="PASS">
          <reporter-output>
          </reporter-output>
        </test-method> <!-- startDate -->
        <test-method is-config="true" signature="endDate()[pri:0, instance:org.tes.TestNGPart3Challenge@f5acb9d]" started-at="2023-06-26T11:59:37 IST" name="endDate" finished-at="2023-06-26T11:59:37 IST" duration-ms="1" status="PASS">
          <reporter-output>
          </reporter-output>
        </test-method> <!-- endDate -->
        <test-method is-config="true" signature="cb()[pri:0, instance:org.tes.TestNGPart3Challenge@f5acb9d]" started-at="2023-06-26T11:59:37 IST" name="cb" finished-at="2023-06-26T11:59:38 IST" duration-ms="782" status="PASS">
          <reporter-output>
          </reporter-output>
        </test-method> <!-- cb -->
      </class> <!-- org.tes.TestNGPart3Challenge -->
      <class name="org.tes.A">
        <test-method signature="tc32()[pri:0, instance:org.tes.A@4fb3ee4e]" started-at="2023-06-26T11:59:38 IST" name="tc32" finished-at="2023-06-26T11:59:38 IST" duration-ms="4" status="PASS">
          <reporter-output>
          </reporter-output>
        </test-method> <!-- tc32 -->
        <test-method signature="tc46()[pri:0, instance:org.tes.A@4fb3ee4e]" started-at="2023-06-26T11:59:38 IST" name="tc46" finished-at="2023-06-26T11:59:38 IST" duration-ms="10" status="PASS">
          <reporter-output>
          </reporter-output>
        </test-method> <!-- tc46 -->
        <test-method signature="tc97()[pri:0, instance:org.tes.A@4fb3ee4e]" started-at="2023-06-26T11:59:38 IST" name="tc97" finished-at="2023-06-26T11:59:38 IST" duration-ms="1" status="PASS">
          <reporter-output>
          </reporter-output>
        </test-method> <!-- tc97 -->
      </class> <!-- org.tes.A -->
    </test> <!-- Test -->
  </suite> <!-- Suite -->
</testng-results>
